# JRE version: Java(TM) SE Runtime Environment (11.0.5+10) (build 11.0.5+10-LTS)
# Java VM: Java HotSpot(TM) 64-Bit Server VM (11.0.5+10-LTS, mixed mode, tiered, compressed oops, g1 gc, windows-amd64)
Heap:
 garbage-first heap   total 118784K, used 14166K [0x00000000a0e00000, 0x0000000100000000)
  region size 1024K, 4 young (4096K), 2 survivors (2048K)
 Metaspace       used 31203K, capacity 31888K, committed 32048K, reserved 1077248K
  class space    used 3394K, capacity 3656K, committed 3712K, reserved 1048576K
GC Heap History (10 events):
Event: 0.592 GC heap before
{Heap before GC invocations=0 (full 0):
 garbage-first heap   total 98304K, used 23552K [0x00000000a0e00000, 0x0000000100000000)
  region size 1024K, 24 young (24576K), 0 survivors (0K)
 Metaspace       used 12257K, capacity 12470K, committed 12672K, reserved 1060864K
  class space    used 1267K, capacity 1347K, committed 1408K, reserved 1048576K
}
Event: 0.599 GC heap after
{Heap after GC invocations=1 (full 0):
 garbage-first heap   total 98304K, used 3333K [0x00000000a0e00000, 0x0000000100000000)
  region size 1024K, 3 young (3072K), 3 survivors (3072K)
 Metaspace       used 12257K, capacity 12470K, committed 12672K, reserved 1060864K
  class space    used 1267K, capacity 1347K, committed 1408K, reserved 1048576K
}
Event: 1.594 GC heap before
{Heap before GC invocations=1 (full 0):
 garbage-first heap   total 98304K, used 58629K [0x00000000a0e00000, 0x0000000100000000)
  region size 1024K, 57 young (58368K), 3 survivors (3072K)
 Metaspace       used 20152K, capacity 20539K, committed 20864K, reserved 1067008K
  class space    used 2182K, capacity 2315K, committed 2432K, reserved 1048576K
}
Event: 1.605 GC heap after
{Heap after GC invocations=2 (full 0):
 garbage-first heap   total 98304K, used 7091K [0x00000000a0e00000, 0x0000000100000000)
  region size 1024K, 7 young (7168K), 7 survivors (7168K)
 Metaspace       used 20152K, capacity 20539K, committed 20864K, reserved 1067008K
  class space    used 2182K, capacity 2315K, committed 2432K, reserved 1048576K
}
Event: 1.766 GC heap before
{Heap before GC invocations=2 (full 0):
 garbage-first heap   total 98304K, used 15283K [0x00000000a0e00000, 0x0000000100000000)
  region size 1024K, 16 young (16384K), 7 survivors (7168K)
 Metaspace       used 20787K, capacity 21235K, committed 21296K, reserved 1069056K
  class space    used 2258K, capacity 2419K, committed 2432K, reserved 1048576K
}
Event: 1.776 GC heap after
{Heap after GC invocations=3 (full 0):
 garbage-first heap   total 98304K, used 7271K [0x00000000a0e00000, 0x0000000100000000)
  region size 1024K, 4 young (4096K), 4 survivors (4096K)
 Metaspace       used 20787K, capacity 21235K, committed 21296K, reserved 1069056K
  class space    used 2258K, capacity 2419K, committed 2432K, reserved 1048576K
}
Event: 2.693 GC heap before
{Heap before GC invocations=4 (full 0):
 garbage-first heap   total 98304K, used 59495K [0x00000000a0e00000, 0x0000000100000000)
  region size 1024K, 55 young (56320K), 4 survivors (4096K)
 Metaspace       used 28980K, capacity 29660K, committed 29872K, reserved 1075200K
  class space    used 3215K, capacity 3468K, committed 3584K, reserved 1048576K
}
Event: 2.707 GC heap after
{Heap after GC invocations=5 (full 0):
 garbage-first heap   total 98304K, used 13759K [0x00000000a0e00000, 0x0000000100000000)
  region size 1024K, 7 young (7168K), 7 survivors (7168K)
 Metaspace       used 28980K, capacity 29660K, committed 29872K, reserved 1075200K
  class space    used 3215K, capacity 3468K, committed 3584K, reserved 1048576K
}
Event: 3.339 GC heap before
{Heap before GC invocations=5 (full 0):
 garbage-first heap   total 98304K, used 64959K [0x00000000a0e00000, 0x0000000100000000)
  region size 1024K, 57 young (58368K), 7 survivors (7168K)
 Metaspace       used 30980K, capacity 31669K, committed 31792K, reserved 1077248K
  class space    used 3370K, capacity 3644K, committed 3712K, reserved 1048576K
}
Event: 3.349 GC heap after
{Heap after GC invocations=6 (full 0):
 garbage-first heap   total 118784K, used 13142K [0x00000000a0e00000, 0x0000000100000000)
  region size 1024K, 2 young (2048K), 2 survivors (2048K)
 Metaspace       used 30980K, capacity 31669K, committed 31792K, reserved 1077248K
  class space    used 3370K, capacity 3644K, committed 3712K, reserved 1048576K
}

