# JRE version: Java(TM) SE Runtime Environment (11.0.5+10) (build 11.0.5+10-LTS)
# Java VM: Java HotSpot(TM) 64-Bit Server VM (11.0.5+10-LTS, mixed mode, tiered, compressed oops, g1 gc, windows-amd64)
Heap:
 garbage-first heap   total 98304K, used 63213K [0x00000000a0e00000, 0x0000000100000000)
  region size 1024K, 57 young (58368K), 8 survivors (8192K)
 Metaspace       used 31281K, capacity 31952K, committed 32048K, reserved 1077248K
  class space    used 3392K, capacity 3656K, committed 3712K, reserved 1048576K
GC Heap History (8 events):
Event: 0.525 GC heap before
{Heap before GC invocations=0 (full 0):
 garbage-first heap   total 98304K, used 23552K [0x00000000a0e00000, 0x0000000100000000)
  region size 1024K, 24 young (24576K), 0 survivors (0K)
 Metaspace       used 12256K, capacity 12470K, committed 12672K, reserved 1060864K
  class space    used 1267K, capacity 1347K, committed 1408K, reserved 1048576K
}
Event: 0.536 GC heap after
{Heap after GC invocations=1 (full 0):
 garbage-first heap   total 98304K, used 3350K [0x00000000a0e00000, 0x0000000100000000)
  region size 1024K, 3 young (3072K), 3 survivors (3072K)
 Metaspace       used 12256K, capacity 12470K, committed 12672K, reserved 1060864K
  class space    used 1267K, capacity 1347K, committed 1408K, reserved 1048576K
}
Event: 1.489 GC heap before
{Heap before GC invocations=1 (full 0):
 garbage-first heap   total 98304K, used 58646K [0x00000000a0e00000, 0x0000000100000000)
  region size 1024K, 57 young (58368K), 3 survivors (3072K)
 Metaspace       used 20124K, capacity 20539K, committed 20864K, reserved 1067008K
  class space    used 2182K, capacity 2315K, committed 2432K, reserved 1048576K
}
Event: 1.501 GC heap after
{Heap after GC invocations=2 (full 0):
 garbage-first heap   total 98304K, used 6866K [0x00000000a0e00000, 0x0000000100000000)
  region size 1024K, 7 young (7168K), 7 survivors (7168K)
 Metaspace       used 20124K, capacity 20539K, committed 20864K, reserved 1067008K
  class space    used 2182K, capacity 2315K, committed 2432K, reserved 1048576K
}
Event: 1.645 GC heap before
{Heap before GC invocations=2 (full 0):
 garbage-first heap   total 98304K, used 15058K [0x00000000a0e00000, 0x0000000100000000)
  region size 1024K, 16 young (16384K), 7 survivors (7168K)
 Metaspace       used 20776K, capacity 21235K, committed 21296K, reserved 1069056K
  class space    used 2259K, capacity 2419K, committed 2432K, reserved 1048576K
}
Event: 1.658 GC heap after
{Heap after GC invocations=3 (full 0):
 garbage-first heap   total 98304K, used 7183K [0x00000000a0e00000, 0x0000000100000000)
  region size 1024K, 4 young (4096K), 4 survivors (4096K)
 Metaspace       used 20776K, capacity 21235K, committed 21296K, reserved 1069056K
  class space    used 2259K, capacity 2419K, committed 2432K, reserved 1048576K
}
Event: 2.590 GC heap before
{Heap before GC invocations=4 (full 0):
 garbage-first heap   total 98304K, used 61455K [0x00000000a0e00000, 0x0000000100000000)
  region size 1024K, 57 young (58368K), 4 survivors (4096K)
 Metaspace       used 29391K, capacity 30014K, committed 30128K, reserved 1075200K
  class space    used 3247K, capacity 3479K, committed 3584K, reserved 1048576K
}
Event: 2.606 GC heap after
{Heap after GC invocations=5 (full 0):
 garbage-first heap   total 98304K, used 14061K [0x00000000a0e00000, 0x0000000100000000)
  region size 1024K, 8 young (8192K), 8 survivors (8192K)
 Metaspace       used 29391K, capacity 30014K, committed 30128K, reserved 1075200K
  class space    used 3247K, capacity 3479K, committed 3584K, reserved 1048576K
}

